<?xml version="1.0" encoding="UTF-8"?>
<!-- Generated by org.testng.reporters.JUnitReportReporter -->
<testsuite hostname="PGGN875" name="testNG.Annotations" tests="2" failures="0" timestamp="8 Feb 2017 15:53:05 GMT" time="0.008" errors="0">
  <testcase name="function1" time="0.005" classname="testNG.Annotations"/>
  <testcase name="function2" time="0.003" classname="testNG.Annotations"/>
</testsuite> <!-- testNG.Annotations -->
