<?xml version="1.0" encoding="UTF-8"?>
<!-- Generated by org.testng.reporters.JUnitReportReporter -->
<testsuite hostname="PGGN875" name="testNG.Grouping" tests="5" failures="0" timestamp="28 Jan 2017 17:29:39 GMT" time="0.018" errors="0">
  <testcase name="Scooter1" time="0.002" classname="testNG.Grouping"/>
  <testcase name="car1" time="0.002" classname="testNG.Grouping"/>
  <testcase name="car2" time="0.001" classname="testNG.Grouping"/>
  <testcase name="car" time="0.002" classname="testNG.Grouping"/>
  <testcase name="Scooter" time="0.011" classname="testNG.Grouping"/>
</testsuite> <!-- testNG.Grouping -->
