<?xml version="1.0" encoding="UTF-8"?>
<!-- Generated by org.testng.reporters.JUnitReportReporter -->
<testsuite hostname="PGGN875" name="automationFramework.TESTNG" tests="1" failures="0" timestamp="28 Jan 2017 16:55:21 GMT" time="94.907" errors="0">
  <testcase name="main" time="94.907" classname="automationFramework.TESTNG"/>
</testsuite> <!-- automationFramework.TESTNG -->
